{"/home/travis/build/npmtest/node-npmtest-baffle/test.js":{"path":"/home/travis/build/npmtest/node-npmtest-baffle/test.js","s":{"1":2,"2":2,"3":2,"4":2,"5":2,"6":2,"7":2,"8":1,"9":2,"10":2,"11":1,"12":1,"13":1,"14":1,"15":2,"16":2,"17":2,"18":2,"19":1,"20":1,"21":2,"22":2,"23":2,"24":1,"25":1,"26":1,"27":1,"28":1,"29":1,"30":1,"31":1,"32":1,"33":1,"34":1,"35":1,"36":1,"37":1,"38":1,"39":2,"40":2,"41":1,"42":2,"43":2,"44":1,"45":2,"46":2,"47":1,"48":2,"49":2,"50":1,"51":1,"52":1,"53":1,"54":1},"b":{"1":[2,1,1,1],"2":[1,1,1,1],"3":[1,1],"4":[1,1],"5":[1,1],"6":[1,1],"7":[1,1],"8":[1,1],"9":[1,1],"10":[1,1,1],"11":[1,1],"12":[1,1],"13":[1,1],"14":[1,1],"15":[1,1],"16":[1,1],"17":[1,1]},"f":{"1":2,"2":2,"3":2,"4":2,"5":2,"6":1,"7":1,"8":1,"9":2,"10":2,"11":2,"12":2,"13":1},"fnMap":{"1":{"name":"(anonymous_1)","line":12,"loc":{"start":{"line":12,"column":1},"end":{"line":12,"column":13}}},"2":{"name":"(anonymous_2)","line":19,"loc":{"start":{"line":19,"column":5},"end":{"line":19,"column":17}}},"3":{"name":"(anonymous_3)","line":23,"loc":{"start":{"line":23,"column":24},"end":{"line":23,"column":36}}},"4":{"name":"(anonymous_4)","line":61,"loc":{"start":{"line":61,"column":5},"end":{"line":61,"column":17}}},"5":{"name":"(anonymous_5)","line":82,"loc":{"start":{"line":82,"column":5},"end":{"line":82,"column":17}}},"6":{"name":"(anonymous_6)","line":91,"loc":{"start":{"line":91,"column":77},"end":{"line":94,"column":10}}},"7":{"name":"(anonymous_7)","line":112,"loc":{"start":{"line":112,"column":83},"end":{"line":115,"column":10}},"skip":true},"8":{"name":"(anonymous_8)","line":123,"loc":{"start":{"line":123,"column":77},"end":{"line":126,"column":10}},"skip":true},"9":{"name":"(anonymous_9)","line":139,"loc":{"start":{"line":139,"column":12},"end":{"line":139,"column":40}},"skip":true},"10":{"name":"(anonymous_10)","line":147,"loc":{"start":{"line":147,"column":77},"end":{"line":150,"column":10}},"skip":true},"11":{"name":"(anonymous_11)","line":158,"loc":{"start":{"line":158,"column":83},"end":{"line":161,"column":10}},"skip":true},"12":{"name":"(anonymous_12)","line":169,"loc":{"start":{"line":169,"column":79},"end":{"line":172,"column":10}},"skip":true},"13":{"name":"(anonymous_13)","line":180,"loc":{"start":{"line":180,"column":75},"end":{"line":183,"column":10}},"skip":true}},"statementMap":{"1":{"start":{"line":12,"column":0},"end":{"line":195,"column":5}},"2":{"start":{"line":14,"column":4},"end":{"line":14,"column":14}},"3":{"start":{"line":19,"column":4},"end":{"line":56,"column":9}},"4":{"start":{"line":21,"column":8},"end":{"line":21,"column":19}},"5":{"start":{"line":23,"column":8},"end":{"line":35,"column":13}},"6":{"start":{"line":24,"column":12},"end":{"line":34,"column":13}},"7":{"start":{"line":25,"column":16},"end":{"line":28,"column":30}},"8":{"start":{"line":30,"column":16},"end":{"line":33,"column":27}},"9":{"start":{"line":37,"column":8},"end":{"line":39,"column":21}},"10":{"start":{"line":40,"column":8},"end":{"line":53,"column":9}},"11":{"start":{"line":43,"column":12},"end":{"line":46,"column":14}},"12":{"start":{"line":47,"column":12},"end":{"line":47,"column":18}},"13":{"start":{"line":50,"column":12},"end":{"line":51,"column":33}},"14":{"start":{"line":52,"column":12},"end":{"line":52,"column":18}},"15":{"start":{"line":55,"column":8},"end":{"line":55,"column":35}},"16":{"start":{"line":61,"column":4},"end":{"line":63,"column":9}},"17":{"start":{"line":62,"column":8},"end":{"line":62,"column":15}},"18":{"start":{"line":64,"column":4},"end":{"line":77,"column":5}},"19":{"start":{"line":70,"column":8},"end":{"line":70,"column":14}},"20":{"start":{"line":76,"column":8},"end":{"line":76,"column":14}},"21":{"start":{"line":82,"column":4},"end":{"line":84,"column":9}},"22":{"start":{"line":83,"column":8},"end":{"line":83,"column":15}},"23":{"start":{"line":85,"column":4},"end":{"line":194,"column":5}},"24":{"start":{"line":91,"column":8},"end":{"line":99,"column":10}},"25":{"start":{"line":98,"column":12},"end":{"line":98,"column":35}},"26":{"start":{"line":102,"column":8},"end":{"line":104,"column":63}},"27":{"start":{"line":105,"column":8},"end":{"line":105,"column":14}},"28":{"start":{"line":112,"column":8},"end":{"line":121,"column":10},"skip":true},"29":{"start":{"line":119,"column":12},"end":{"line":119,"column":55},"skip":true},"30":{"start":{"line":120,"column":12},"end":{"line":120,"column":48},"skip":true},"31":{"start":{"line":123,"column":8},"end":{"line":136,"column":10},"skip":true},"32":{"start":{"line":130,"column":12},"end":{"line":130,"column":76},"skip":true},"33":{"start":{"line":131,"column":12},"end":{"line":131,"column":73},"skip":true},"34":{"start":{"line":132,"column":12},"end":{"line":132,"column":74},"skip":true},"35":{"start":{"line":133,"column":12},"end":{"line":133,"column":79},"skip":true},"36":{"start":{"line":134,"column":12},"end":{"line":134,"column":25},"skip":true},"37":{"start":{"line":135,"column":12},"end":{"line":135,"column":45},"skip":true},"38":{"start":{"line":138,"column":8},"end":{"line":145,"column":14},"skip":true},"39":{"start":{"line":143,"column":16},"end":{"line":143,"column":29},"skip":true},"40":{"start":{"line":144,"column":16},"end":{"line":144,"column":55},"skip":true},"41":{"start":{"line":147,"column":8},"end":{"line":156,"column":10},"skip":true},"42":{"start":{"line":154,"column":12},"end":{"line":154,"column":25},"skip":true},"43":{"start":{"line":155,"column":12},"end":{"line":155,"column":45},"skip":true},"44":{"start":{"line":158,"column":8},"end":{"line":167,"column":10},"skip":true},"45":{"start":{"line":165,"column":12},"end":{"line":165,"column":25},"skip":true},"46":{"start":{"line":166,"column":12},"end":{"line":166,"column":48},"skip":true},"47":{"start":{"line":169,"column":8},"end":{"line":178,"column":10},"skip":true},"48":{"start":{"line":176,"column":12},"end":{"line":176,"column":25},"skip":true},"49":{"start":{"line":177,"column":12},"end":{"line":177,"column":46},"skip":true},"50":{"start":{"line":180,"column":8},"end":{"line":189,"column":10},"skip":true},"51":{"start":{"line":187,"column":12},"end":{"line":187,"column":94},"skip":true},"52":{"start":{"line":188,"column":12},"end":{"line":188,"column":48},"skip":true},"53":{"start":{"line":192,"column":8},"end":{"line":192,"column":35},"skip":true},"54":{"start":{"line":193,"column":8},"end":{"line":193,"column":14},"skip":true}},"branchMap":{"1":{"line":25,"type":"binary-expr","locations":[{"start":{"line":25,"column":23},"end":{"line":25,"column":62}},{"start":{"line":26,"column":20},"end":{"line":26,"column":70}},{"start":{"line":27,"column":20},"end":{"line":27,"column":71}},{"start":{"line":28,"column":20},"end":{"line":28,"column":29}}]},"2":{"line":30,"type":"binary-expr","locations":[{"start":{"line":30,"column":23},"end":{"line":30,"column":37}},{"start":{"line":31,"column":20},"end":{"line":31,"column":61}},{"start":{"line":32,"column":20},"end":{"line":32,"column":70}},{"start":{"line":33,"column":20},"end":{"line":33,"column":26}}]},"3":{"line":37,"type":"cond-expr","locations":[{"start":{"line":38,"column":14},"end":{"line":38,"column":20}},{"start":{"line":39,"column":14},"end":{"line":39,"column":20}}]},"4":{"line":40,"type":"switch","locations":[{"start":{"line":42,"column":8},"end":{"line":47,"column":18}},{"start":{"line":49,"column":8},"end":{"line":52,"column":18}}]},"5":{"line":44,"type":"binary-expr","locations":[{"start":{"line":44,"column":16},"end":{"line":44,"column":44}},{"start":{"line":44,"column":48},"end":{"line":44,"column":66}}]},"6":{"line":50,"type":"binary-expr","locations":[{"start":{"line":50,"column":21},"end":{"line":50,"column":49}},{"start":{"line":50,"column":53},"end":{"line":50,"column":72}}]},"7":{"line":64,"type":"switch","locations":[{"start":{"line":69,"column":4},"end":{"line":70,"column":14}},{"start":{"line":75,"column":4},"end":{"line":76,"column":14}}]},"8":{"line":85,"type":"switch","locations":[{"start":{"line":90,"column":4},"end":{"line":105,"column":14}},{"start":{"line":111,"column":4},"end":{"line":193,"column":14},"skip":true}]},"9":{"line":91,"type":"binary-expr","locations":[{"start":{"line":91,"column":42},"end":{"line":91,"column":73}},{"start":{"line":91,"column":77},"end":{"line":99,"column":9}}]},"10":{"line":102,"type":"binary-expr","locations":[{"start":{"line":102,"column":18},"end":{"line":102,"column":32}},{"start":{"line":103,"column":12},"end":{"line":103,"column":53}},{"start":{"line":104,"column":12},"end":{"line":104,"column":61}}]},"11":{"line":112,"type":"binary-expr","locations":[{"start":{"line":112,"column":45},"end":{"line":112,"column":79},"skip":true},{"start":{"line":112,"column":83},"end":{"line":121,"column":9},"skip":true}]},"12":{"line":123,"type":"binary-expr","locations":[{"start":{"line":123,"column":42},"end":{"line":123,"column":73},"skip":true},{"start":{"line":123,"column":77},"end":{"line":136,"column":9},"skip":true}]},"13":{"line":138,"type":"binary-expr","locations":[{"start":{"line":138,"column":48},"end":{"line":138,"column":85},"skip":true},{"start":{"line":139,"column":12},"end":{"line":145,"column":13},"skip":true}]},"14":{"line":147,"type":"binary-expr","locations":[{"start":{"line":147,"column":42},"end":{"line":147,"column":73},"skip":true},{"start":{"line":147,"column":77},"end":{"line":156,"column":9},"skip":true}]},"15":{"line":158,"type":"binary-expr","locations":[{"start":{"line":158,"column":45},"end":{"line":158,"column":79},"skip":true},{"start":{"line":158,"column":83},"end":{"line":167,"column":9},"skip":true}]},"16":{"line":169,"type":"binary-expr","locations":[{"start":{"line":169,"column":43},"end":{"line":169,"column":75},"skip":true},{"start":{"line":169,"column":79},"end":{"line":178,"column":9},"skip":true}]},"17":{"line":180,"type":"binary-expr","locations":[{"start":{"line":180,"column":41},"end":{"line":180,"column":71},"skip":true},{"start":{"line":180,"column":75},"end":{"line":189,"column":9},"skip":true}]}},"code":["/* istanbul instrument in package npmtest_baffle */","/*jslint","    bitwise: true,","    browser: true,","    maxerr: 8,","    maxlen: 96,","    node: true,","    nomen: true,","    regexp: true,","    stupid: true","*/","(function () {","    'use strict';","    var local;","","","","    // run shared js-env code - pre-init","    (function () {","        // init local","        local = {};","        // init modeJs","        local.modeJs = (function () {","            try {","                return typeof navigator.userAgent === 'string' &&","                    typeof document.querySelector('body') === 'object' &&","                    typeof XMLHttpRequest.prototype.open === 'function' &&","                    'browser';","            } catch (errorCaughtBrowser) {","                return module.exports &&","                    typeof process.versions.node === 'string' &&","                    typeof require('http').createServer === 'function' &&","                    'node';","            }","        }());","        // init global","        local.global = local.modeJs === 'browser'","            ? window","            : global;","        switch (local.modeJs) {","        // re-init local from window.local","        case 'browser':","            local = local.global.utility2.objectSetDefault(","                local.global.utility2_rollup || local.global.local,","                local.global.utility2","            );","            break;","        // re-init local from example.js","        case 'node':","            local = (local.global.utility2_rollup || require('utility2'))","                .requireReadme();","            break;","        }","        // export local","        local.global.local = local;","    }());","","","","    // run shared js-env code - function","    (function () {","        return;","    }());","    switch (local.modeJs) {","","","","    // run browser js-env code - function","    case 'browser':","        break;","","","","    // run node js-env code - function","    case 'node':","        break;","    }","","","","    // run shared js-env code - post-init","    (function () {","        return;","    }());","    switch (local.modeJs) {","","","","    // run browser js-env code - post-init","    case 'browser':","        local.testCase_browser_nullCase = local.testCase_browser_nullCase || function (","            options,","            onError","        ) {","        /*","         * this function will test browsers's null-case handling-behavior-behavior","         */","            onError(null, options);","        };","","        // run tests","        local.nop(local.modeTest &&","            document.querySelector('#testRunButton1') &&","            document.querySelector('#testRunButton1').click());","        break;","","","","    // run node js-env code - post-init","    /* istanbul ignore next */","    case 'node':","        local.testCase_buildApidoc_default = local.testCase_buildApidoc_default || function (","            options,","            onError","        ) {","        /*","         * this function will test buildApidoc's default handling-behavior-behavior","         */","            options = { modulePathList: module.paths };","            local.buildApidoc(options, onError);","        };","","        local.testCase_buildApp_default = local.testCase_buildApp_default || function (","            options,","            onError","        ) {","        /*","         * this function will test buildApp's default handling-behavior-behavior","         */","            local.testCase_buildReadme_default(options, local.onErrorThrow);","            local.testCase_buildLib_default(options, local.onErrorThrow);","            local.testCase_buildTest_default(options, local.onErrorThrow);","            local.testCase_buildCustomOrg_default(options, local.onErrorThrow);","            options = [];","            local.buildApp(options, onError);","        };","","        local.testCase_buildCustomOrg_default = local.testCase_buildCustomOrg_default ||","            function (options, onError) {","            /*","             * this function will test buildCustomOrg's default handling-behavior","             */","                options = {};","                local.buildCustomOrg(options, onError);","            };","","        local.testCase_buildLib_default = local.testCase_buildLib_default || function (","            options,","            onError","        ) {","        /*","         * this function will test buildLib's default handling-behavior","         */","            options = {};","            local.buildLib(options, onError);","        };","","        local.testCase_buildReadme_default = local.testCase_buildReadme_default || function (","            options,","            onError","        ) {","        /*","         * this function will test buildReadme's default handling-behavior-behavior","         */","            options = {};","            local.buildReadme(options, onError);","        };","","        local.testCase_buildTest_default = local.testCase_buildTest_default || function (","            options,","            onError","        ) {","        /*","         * this function will test buildTest's default handling-behavior","         */","            options = {};","            local.buildTest(options, onError);","        };","","        local.testCase_webpage_default = local.testCase_webpage_default || function (","            options,","            onError","        ) {","        /*","         * this function will test webpage's default handling-behavior","         */","            options = { modeCoverageMerge: true, url: local.serverLocalHost + '?modeTest=1' };","            local.browserTest(options, onError);","        };","","        // run test-server","        local.testRunServer(local);","        break;","    }","}());",""],"l":{"12":2,"14":2,"19":2,"21":2,"23":2,"24":2,"25":2,"30":1,"37":2,"40":2,"43":1,"47":1,"50":1,"52":1,"55":2,"61":2,"62":2,"64":2,"70":1,"76":1,"82":2,"83":2,"85":2,"91":1,"98":1,"102":1,"105":1,"112":1,"119":1,"120":1,"123":1,"130":1,"131":1,"132":1,"133":1,"134":1,"135":1,"138":1,"143":2,"144":2,"147":1,"154":2,"155":2,"158":1,"165":2,"166":2,"169":1,"176":2,"177":2,"180":1,"187":1,"188":1,"192":1,"193":1}},"/home/travis/build/npmtest/node-npmtest-baffle/lib.npmtest_baffle.js":{"path":"/home/travis/build/npmtest/node-npmtest-baffle/lib.npmtest_baffle.js","s":{"1":2,"2":2,"3":2,"4":2,"5":2,"6":2,"7":2,"8":1,"9":2,"10":2,"11":2,"12":2,"13":1,"14":1,"15":1,"16":1},"b":{"1":[2,1,1,1],"2":[1,1,1,1],"3":[1,1],"4":[2,2],"5":[1,1]},"f":{"1":2,"2":2,"3":2},"fnMap":{"1":{"name":"(anonymous_1)","line":12,"loc":{"start":{"line":12,"column":1},"end":{"line":12,"column":13}}},"2":{"name":"(anonymous_2)","line":19,"loc":{"start":{"line":19,"column":5},"end":{"line":19,"column":17}}},"3":{"name":"(anonymous_3)","line":23,"loc":{"start":{"line":23,"column":24},"end":{"line":23,"column":36}}}},"statementMap":{"1":{"start":{"line":12,"column":0},"end":{"line":53,"column":5}},"2":{"start":{"line":14,"column":4},"end":{"line":14,"column":14}},"3":{"start":{"line":19,"column":4},"end":{"line":52,"column":9}},"4":{"start":{"line":21,"column":8},"end":{"line":21,"column":19}},"5":{"start":{"line":23,"column":8},"end":{"line":35,"column":13}},"6":{"start":{"line":24,"column":12},"end":{"line":34,"column":13}},"7":{"start":{"line":25,"column":16},"end":{"line":28,"column":30}},"8":{"start":{"line":30,"column":16},"end":{"line":33,"column":27}},"9":{"start":{"line":37,"column":8},"end":{"line":39,"column":21}},"10":{"start":{"line":41,"column":8},"end":{"line":41,"column":54}},"11":{"start":{"line":43,"column":8},"end":{"line":43,"column":51}},"12":{"start":{"line":45,"column":8},"end":{"line":51,"column":9}},"13":{"start":{"line":46,"column":12},"end":{"line":46,"column":57}},"14":{"start":{"line":48,"column":12},"end":{"line":48,"column":35}},"15":{"start":{"line":49,"column":12},"end":{"line":49,"column":49}},"16":{"start":{"line":50,"column":12},"end":{"line":50,"column":43}}},"branchMap":{"1":{"line":25,"type":"binary-expr","locations":[{"start":{"line":25,"column":23},"end":{"line":25,"column":62}},{"start":{"line":26,"column":20},"end":{"line":26,"column":70}},{"start":{"line":27,"column":20},"end":{"line":27,"column":71}},{"start":{"line":28,"column":20},"end":{"line":28,"column":29}}]},"2":{"line":30,"type":"binary-expr","locations":[{"start":{"line":30,"column":23},"end":{"line":30,"column":37}},{"start":{"line":31,"column":20},"end":{"line":31,"column":61}},{"start":{"line":32,"column":20},"end":{"line":32,"column":70}},{"start":{"line":33,"column":20},"end":{"line":33,"column":26}}]},"3":{"line":37,"type":"cond-expr","locations":[{"start":{"line":38,"column":14},"end":{"line":38,"column":20}},{"start":{"line":39,"column":14},"end":{"line":39,"column":20}}]},"4":{"line":41,"type":"binary-expr","locations":[{"start":{"line":41,"column":16},"end":{"line":41,"column":44}},{"start":{"line":41,"column":48},"end":{"line":41,"column":53}}]},"5":{"line":45,"type":"if","locations":[{"start":{"line":45,"column":8},"end":{"line":45,"column":8}},{"start":{"line":45,"column":8},"end":{"line":45,"column":8}}]}},"code":["/* istanbul instrument in package npmtest_baffle */","/*jslint","    bitwise: true,","    browser: true,","    maxerr: 8,","    maxlen: 96,","    node: true,","    nomen: true,","    regexp: true,","    stupid: true","*/","(function () {","    'use strict';","    var local;","","","","    // run shared js-env code - pre-init","    (function () {","        // init local","        local = {};","        // init modeJs","        local.modeJs = (function () {","            try {","                return typeof navigator.userAgent === 'string' &&","                    typeof document.querySelector('body') === 'object' &&","                    typeof XMLHttpRequest.prototype.open === 'function' &&","                    'browser';","            } catch (errorCaughtBrowser) {","                return module.exports &&","                    typeof process.versions.node === 'string' &&","                    typeof require('http').createServer === 'function' &&","                    'node';","            }","        }());","        // init global","        local.global = local.modeJs === 'browser'","            ? window","            : global;","        // init utility2_rollup","        local = local.global.utility2_rollup || local;","        // init lib","        local.local = local.npmtest_baffle = local;","        // init exports","        if (local.modeJs === 'browser') {","            local.global.utility2_npmtest_baffle = local;","        } else {","            module.exports = local;","            module.exports.__dirname = __dirname;","            module.exports.module = module;","        }","    }());","}());",""],"l":{"12":2,"14":2,"19":2,"21":2,"23":2,"24":2,"25":2,"30":1,"37":2,"41":2,"43":2,"45":2,"46":1,"48":1,"49":1,"50":1}},"/home/travis/build/npmtest/node-npmtest-baffle/example.js":{"path":"/home/travis/build/npmtest/node-npmtest-baffle/example.js","s":{"1":2,"2":2,"3":2,"4":2,"5":2,"6":2,"7":2,"8":1,"9":2,"10":2,"11":2,"12":2,"13":1,"14":2,"15":2,"16":2,"17":2,"18":2,"19":0,"20":2,"21":1,"22":1,"23":1,"24":1,"25":1,"26":0,"27":0,"28":1,"29":1,"30":2,"31":0,"32":0,"33":0,"34":1,"35":2,"36":2,"37":3,"38":3,"39":3,"40":3,"41":0,"42":3,"43":3,"44":3,"45":1,"46":3,"47":1,"48":1,"49":1,"50":1,"51":1,"52":1,"53":1,"54":1,"55":1,"56":1,"57":0,"58":1,"59":6,"60":6,"61":1,"62":2,"63":0,"64":2,"65":1,"66":1,"67":0,"68":0,"69":0,"70":0,"71":0,"72":0,"73":0,"74":0,"75":0,"76":0,"77":0,"78":0,"79":0,"80":0,"81":0,"82":0,"83":0},"b":{"1":[2,1,1,1],"2":[1,1,1,1],"3":[1,1],"4":[2,2],"5":[1,1],"6":[1,1],"7":[2,0],"8":[2,1,1,1,1,1],"9":[0,2,0],"10":[1,1],"11":[2,1,1],"12":[1,0],"13":[0,2],"14":[2,0,0,0,0,0,0],"15":[0,3],"16":[3,0],"17":[1,1],"18":[0,1],"19":[1,2,0,2],"20":[1,0],"21":[1,1],"22":[0,0],"23":[0,0],"24":[0,0],"25":[0,0],"26":[0,0],"27":[0,0],"28":[0,0]},"f":{"1":2,"2":2,"3":2,"4":2,"5":2,"6":2,"7":3,"8":3,"9":3,"10":1,"11":6,"12":0},"fnMap":{"1":{"name":"(anonymous_1)","line":26,"loc":{"start":{"line":26,"column":1},"end":{"line":26,"column":13}}},"2":{"name":"(anonymous_2)","line":33,"loc":{"start":{"line":33,"column":5},"end":{"line":33,"column":17}}},"3":{"name":"(anonymous_3)","line":37,"loc":{"start":{"line":37,"column":24},"end":{"line":37,"column":36}}},"4":{"name":"(anonymous_4)","line":69,"loc":{"start":{"line":69,"column":31},"end":{"line":69,"column":48}},"skip":true},"5":{"name":"(anonymous_5)","line":78,"loc":{"start":{"line":78,"column":26},"end":{"line":78,"column":45}},"skip":true},"6":{"name":"(anonymous_6)","line":123,"loc":{"start":{"line":123,"column":33},"end":{"line":123,"column":48}},"skip":true},"7":{"name":"(anonymous_7)","line":125,"loc":{"start":{"line":125,"column":27},"end":{"line":125,"column":39}},"skip":true},"8":{"name":"(anonymous_8)","line":133,"loc":{"start":{"line":133,"column":59},"end":{"line":133,"column":74}},"skip":true},"9":{"name":"(anonymous_9)","line":143,"loc":{"start":{"line":143,"column":45},"end":{"line":143,"column":62}},"skip":true},"10":{"name":"(anonymous_10)","line":144,"loc":{"start":{"line":144,"column":73},"end":{"line":144,"column":92}},"skip":true},"11":{"name":"(anonymous_11)","line":272,"loc":{"start":{"line":272,"column":51},"end":{"line":272,"column":77}},"skip":true},"12":{"name":"(anonymous_12)","line":315,"loc":{"start":{"line":315,"column":32},"end":{"line":315,"column":61}},"skip":true}},"statementMap":{"1":{"start":{"line":26,"column":0},"end":{"line":326,"column":5}},"2":{"start":{"line":28,"column":4},"end":{"line":28,"column":14}},"3":{"start":{"line":33,"column":4},"end":{"line":60,"column":9}},"4":{"start":{"line":35,"column":8},"end":{"line":35,"column":19}},"5":{"start":{"line":37,"column":8},"end":{"line":49,"column":13}},"6":{"start":{"line":38,"column":12},"end":{"line":48,"column":13}},"7":{"start":{"line":39,"column":16},"end":{"line":42,"column":30}},"8":{"start":{"line":44,"column":16},"end":{"line":47,"column":27}},"9":{"start":{"line":51,"column":8},"end":{"line":53,"column":21}},"10":{"start":{"line":55,"column":8},"end":{"line":57,"column":45}},"11":{"start":{"line":59,"column":8},"end":{"line":59,"column":35}},"12":{"start":{"line":61,"column":4},"end":{"line":325,"column":5}},"13":{"start":{"line":69,"column":8},"end":{"line":121,"column":10},"skip":true},"14":{"start":{"line":70,"column":12},"end":{"line":88,"column":13},"skip":true},"15":{"start":{"line":76,"column":16},"end":{"line":87,"column":19},"skip":true},"16":{"start":{"line":79,"column":20},"end":{"line":86,"column":21},"skip":true},"17":{"start":{"line":82,"column":24},"end":{"line":82,"column":43},"skip":true},"18":{"start":{"line":83,"column":24},"end":{"line":83,"column":30},"skip":true},"19":{"start":{"line":85,"column":24},"end":{"line":85,"column":49},"skip":true},"20":{"start":{"line":89,"column":12},"end":{"line":107,"column":13},"skip":true},"21":{"start":{"line":92,"column":16},"end":{"line":102,"column":17},"skip":true},"22":{"start":{"line":93,"column":20},"end":{"line":93,"column":86},"skip":true},"23":{"start":{"line":94,"column":20},"end":{"line":95,"column":45},"skip":true},"24":{"start":{"line":96,"column":20},"end":{"line":96,"column":42},"skip":true},"25":{"start":{"line":97,"column":20},"end":{"line":97,"column":48},"skip":true},"26":{"start":{"line":100,"column":20},"end":{"line":100,"column":85},"skip":true},"27":{"start":{"line":101,"column":20},"end":{"line":101,"column":96},"skip":true},"28":{"start":{"line":103,"column":16},"end":{"line":103,"column":22},"skip":true},"29":{"start":{"line":106,"column":16},"end":{"line":106,"column":22},"skip":true},"30":{"start":{"line":108,"column":12},"end":{"line":120,"column":13},"skip":true},"31":{"start":{"line":114,"column":16},"end":{"line":119,"column":17},"skip":true},"32":{"start":{"line":116,"column":20},"end":{"line":116,"column":78},"skip":true},"33":{"start":{"line":118,"column":20},"end":{"line":118,"column":47},"skip":true},"34":{"start":{"line":123,"column":8},"end":{"line":141,"column":11},"skip":true},"35":{"start":{"line":124,"column":12},"end":{"line":124,"column":54},"skip":true},"36":{"start":{"line":125,"column":12},"end":{"line":140,"column":14},"skip":true},"37":{"start":{"line":126,"column":16},"end":{"line":126,"column":28},"skip":true},"38":{"start":{"line":127,"column":16},"end":{"line":127,"column":69},"skip":true},"39":{"start":{"line":128,"column":16},"end":{"line":128,"column":75},"skip":true},"40":{"start":{"line":129,"column":16},"end":{"line":131,"column":17},"skip":true},"41":{"start":{"line":130,"column":20},"end":{"line":130,"column":27},"skip":true},"42":{"start":{"line":133,"column":16},"end":{"line":137,"column":36},"skip":true},"43":{"start":{"line":134,"column":20},"end":{"line":136,"column":55},"skip":true},"44":{"start":{"line":139,"column":16},"end":{"line":139,"column":57},"skip":true},"45":{"start":{"line":143,"column":8},"end":{"line":147,"column":11},"skip":true},"46":{"start":{"line":144,"column":12},"end":{"line":146,"column":15},"skip":true},"47":{"start":{"line":145,"column":16},"end":{"line":145,"column":70},"skip":true},"48":{"start":{"line":149,"column":8},"end":{"line":149,"column":31},"skip":true},"49":{"start":{"line":150,"column":8},"end":{"line":150,"column":14},"skip":true},"50":{"start":{"line":158,"column":8},"end":{"line":158,"column":31},"skip":true},"51":{"start":{"line":160,"column":8},"end":{"line":160,"column":33},"skip":true},"52":{"start":{"line":161,"column":8},"end":{"line":161,"column":37},"skip":true},"53":{"start":{"line":162,"column":8},"end":{"line":162,"column":35},"skip":true},"54":{"start":{"line":164,"column":8},"end":{"line":164,"column":50},"skip":true},"55":{"start":{"line":166,"column":8},"end":{"line":256,"column":2},"skip":true},"56":{"start":{"line":258,"column":8},"end":{"line":286,"column":9},"skip":true},"57":{"start":{"line":259,"column":12},"end":{"line":269,"column":14},"skip":true},"58":{"start":{"line":271,"column":12},"end":{"line":285,"column":19},"skip":true},"59":{"start":{"line":274,"column":20},"end":{"line":274,"column":35},"skip":true},"60":{"start":{"line":275,"column":20},"end":{"line":284,"column":21},"skip":true},"61":{"start":{"line":277,"column":24},"end":{"line":277,"column":64},"skip":true},"62":{"start":{"line":279,"column":24},"end":{"line":279,"column":40},"skip":true},"63":{"start":{"line":281,"column":24},"end":{"line":281,"column":40},"skip":true},"64":{"start":{"line":283,"column":24},"end":{"line":283,"column":39},"skip":true},"65":{"start":{"line":288,"column":8},"end":{"line":290,"column":9},"skip":true},"66":{"start":{"line":289,"column":12},"end":{"line":289,"column":18},"skip":true},"67":{"start":{"line":291,"column":8},"end":{"line":293,"column":54},"skip":true},"68":{"start":{"line":296,"column":8},"end":{"line":301,"column":37},"skip":true},"69":{"start":{"line":303,"column":8},"end":{"line":303,"column":82},"skip":true},"70":{"start":{"line":306,"column":8},"end":{"line":308,"column":9},"skip":true},"71":{"start":{"line":307,"column":12},"end":{"line":307,"column":82},"skip":true},"72":{"start":{"line":310,"column":8},"end":{"line":312,"column":9},"skip":true},"73":{"start":{"line":311,"column":12},"end":{"line":311,"column":18},"skip":true},"74":{"start":{"line":313,"column":8},"end":{"line":313,"column":54},"skip":true},"75":{"start":{"line":314,"column":8},"end":{"line":314,"column":69},"skip":true},"76":{"start":{"line":315,"column":8},"end":{"line":323,"column":36},"skip":true},"77":{"start":{"line":316,"column":12},"end":{"line":316,"column":61},"skip":true},"78":{"start":{"line":317,"column":12},"end":{"line":320,"column":13},"skip":true},"79":{"start":{"line":318,"column":16},"end":{"line":318,"column":75},"skip":true},"80":{"start":{"line":319,"column":16},"end":{"line":319,"column":23},"skip":true},"81":{"start":{"line":321,"column":12},"end":{"line":321,"column":38},"skip":true},"82":{"start":{"line":322,"column":12},"end":{"line":322,"column":27},"skip":true},"83":{"start":{"line":324,"column":8},"end":{"line":324,"column":14},"skip":true}},"branchMap":{"1":{"line":39,"type":"binary-expr","locations":[{"start":{"line":39,"column":23},"end":{"line":39,"column":62}},{"start":{"line":40,"column":20},"end":{"line":40,"column":70}},{"start":{"line":41,"column":20},"end":{"line":41,"column":71}},{"start":{"line":42,"column":20},"end":{"line":42,"column":29}}]},"2":{"line":44,"type":"binary-expr","locations":[{"start":{"line":44,"column":23},"end":{"line":44,"column":37}},{"start":{"line":45,"column":20},"end":{"line":45,"column":61}},{"start":{"line":46,"column":20},"end":{"line":46,"column":70}},{"start":{"line":47,"column":20},"end":{"line":47,"column":26}}]},"3":{"line":51,"type":"cond-expr","locations":[{"start":{"line":52,"column":14},"end":{"line":52,"column":20}},{"start":{"line":53,"column":14},"end":{"line":53,"column":20}}]},"4":{"line":55,"type":"binary-expr","locations":[{"start":{"line":55,"column":16},"end":{"line":55,"column":44}},{"start":{"line":55,"column":49},"end":{"line":57,"column":43}}]},"5":{"line":55,"type":"cond-expr","locations":[{"start":{"line":56,"column":14},"end":{"line":56,"column":50}},{"start":{"line":57,"column":14},"end":{"line":57,"column":43}}]},"6":{"line":61,"type":"switch","locations":[{"start":{"line":68,"column":4},"end":{"line":150,"column":14},"skip":true},{"start":{"line":156,"column":4},"end":{"line":324,"column":14},"skip":true}]},"7":{"line":70,"type":"if","locations":[{"start":{"line":70,"column":12},"end":{"line":70,"column":12},"skip":true},{"start":{"line":70,"column":12},"end":{"line":70,"column":12},"skip":true}]},"8":{"line":70,"type":"binary-expr","locations":[{"start":{"line":70,"column":16},"end":{"line":70,"column":22},"skip":true},{"start":{"line":70,"column":27},"end":{"line":70,"column":32},"skip":true},{"start":{"line":71,"column":20},"end":{"line":71,"column":39},"skip":true},{"start":{"line":72,"column":20},"end":{"line":72,"column":49},"skip":true},{"start":{"line":73,"column":20},"end":{"line":73,"column":58},"skip":true},{"start":{"line":74,"column":20},"end":{"line":74,"column":69},"skip":true}]},"9":{"line":79,"type":"switch","locations":[{"start":{"line":80,"column":20},"end":{"line":80,"column":33},"skip":true},{"start":{"line":81,"column":20},"end":{"line":83,"column":30},"skip":true},{"start":{"line":84,"column":20},"end":{"line":85,"column":49},"skip":true}]},"10":{"line":89,"type":"switch","locations":[{"start":{"line":90,"column":12},"end":{"line":103,"column":22},"skip":true},{"start":{"line":105,"column":12},"end":{"line":106,"column":22},"skip":true}]},"11":{"line":89,"type":"binary-expr","locations":[{"start":{"line":89,"column":20},"end":{"line":89,"column":25},"skip":true},{"start":{"line":89,"column":29},"end":{"line":89,"column":48},"skip":true},{"start":{"line":89,"column":52},"end":{"line":89,"column":74},"skip":true}]},"12":{"line":92,"type":"if","locations":[{"start":{"line":92,"column":16},"end":{"line":92,"column":16},"skip":true},{"start":{"line":92,"column":16},"end":{"line":92,"column":16},"skip":true}]},"13":{"line":108,"type":"if","locations":[{"start":{"line":108,"column":12},"end":{"line":108,"column":12},"skip":true},{"start":{"line":108,"column":12},"end":{"line":108,"column":12},"skip":true}]},"14":{"line":108,"type":"binary-expr","locations":[{"start":{"line":108,"column":16},"end":{"line":108,"column":61},"skip":true},{"start":{"line":108,"column":66},"end":{"line":108,"column":72},"skip":true},{"start":{"line":108,"column":77},"end":{"line":108,"column":82},"skip":true},{"start":{"line":109,"column":20},"end":{"line":109,"column":39},"skip":true},{"start":{"line":110,"column":20},"end":{"line":110,"column":49},"skip":true},{"start":{"line":111,"column":20},"end":{"line":111,"column":58},"skip":true},{"start":{"line":112,"column":20},"end":{"line":112,"column":68},"skip":true}]},"15":{"line":129,"type":"if","locations":[{"start":{"line":129,"column":16},"end":{"line":129,"column":16},"skip":true},{"start":{"line":129,"column":16},"end":{"line":129,"column":16},"skip":true}]},"16":{"line":134,"type":"cond-expr","locations":[{"start":{"line":135,"column":26},"end":{"line":135,"column":29},"skip":true},{"start":{"line":136,"column":26},"end":{"line":136,"column":54},"skip":true}]},"17":{"line":164,"type":"binary-expr","locations":[{"start":{"line":164,"column":27},"end":{"line":164,"column":43},"skip":true},{"start":{"line":164,"column":47},"end":{"line":164,"column":49},"skip":true}]},"18":{"line":258,"type":"if","locations":[{"start":{"line":258,"column":8},"end":{"line":258,"column":8},"skip":true},{"start":{"line":258,"column":8},"end":{"line":258,"column":8},"skip":true}]},"19":{"line":275,"type":"switch","locations":[{"start":{"line":276,"column":20},"end":{"line":277,"column":64},"skip":true},{"start":{"line":278,"column":20},"end":{"line":279,"column":40},"skip":true},{"start":{"line":280,"column":20},"end":{"line":281,"column":40},"skip":true},{"start":{"line":282,"column":20},"end":{"line":283,"column":39},"skip":true}]},"20":{"line":288,"type":"if","locations":[{"start":{"line":288,"column":8},"end":{"line":288,"column":8},"skip":true},{"start":{"line":288,"column":8},"end":{"line":288,"column":8},"skip":true}]},"21":{"line":288,"type":"binary-expr","locations":[{"start":{"line":288,"column":12},"end":{"line":288,"column":40},"skip":true},{"start":{"line":288,"column":44},"end":{"line":288,"column":67},"skip":true}]},"22":{"line":292,"type":"binary-expr","locations":[{"start":{"line":292,"column":12},"end":{"line":292,"column":50},"skip":true},{"start":{"line":293,"column":12},"end":{"line":293,"column":53},"skip":true}]},"23":{"line":297,"type":"binary-expr","locations":[{"start":{"line":297,"column":12},"end":{"line":297,"column":64},"skip":true},{"start":{"line":298,"column":12},"end":{"line":301,"column":36},"skip":true}]},"24":{"line":303,"type":"binary-expr","locations":[{"start":{"line":303,"column":43},"end":{"line":303,"column":75},"skip":true},{"start":{"line":303,"column":79},"end":{"line":303,"column":81},"skip":true}]},"25":{"line":306,"type":"if","locations":[{"start":{"line":306,"column":8},"end":{"line":306,"column":8},"skip":true},{"start":{"line":306,"column":8},"end":{"line":306,"column":8},"skip":true}]},"26":{"line":310,"type":"if","locations":[{"start":{"line":310,"column":8},"end":{"line":310,"column":8},"skip":true},{"start":{"line":310,"column":8},"end":{"line":310,"column":8},"skip":true}]},"27":{"line":313,"type":"binary-expr","locations":[{"start":{"line":313,"column":27},"end":{"line":313,"column":43},"skip":true},{"start":{"line":313,"column":47},"end":{"line":313,"column":53},"skip":true}]},"28":{"line":317,"type":"if","locations":[{"start":{"line":317,"column":12},"end":{"line":317,"column":12},"skip":true},{"start":{"line":317,"column":12},"end":{"line":317,"column":12},"skip":true}]}},"code":["/*","example.js","","quickstart example","","instruction","    1. save this script as example.js","    2. run the shell command:","        $ npm install npmtest-baffle && PORT=8081 node example.js","    3. play with the browser-demo on http://127.0.0.1:8081","*/","","","","/* istanbul instrument in package npmtest_baffle */","/*jslint","    bitwise: true,","    browser: true,","    maxerr: 8,","    maxlen: 96,","    node: true,","    nomen: true,","    regexp: true,","    stupid: true","*/","(function () {","    'use strict';","    var local;","","","","    // run shared js-env code - pre-init","    (function () {","        // init local","        local = {};","        // init modeJs","        local.modeJs = (function () {","            try {","                return typeof navigator.userAgent === 'string' &&","                    typeof document.querySelector('body') === 'object' &&","                    typeof XMLHttpRequest.prototype.open === 'function' &&","                    'browser';","            } catch (errorCaughtBrowser) {","                return module.exports &&","                    typeof process.versions.node === 'string' &&","                    typeof require('http').createServer === 'function' &&","                    'node';","            }","        }());","        // init global","        local.global = local.modeJs === 'browser'","            ? window","            : global;","        // init utility2_rollup","        local = local.global.utility2_rollup || (local.modeJs === 'browser'","            ? local.global.utility2_npmtest_baffle","            : global.utility2_moduleExports);","        // export local","        local.global.local = local;","    }());","    switch (local.modeJs) {","","","","    // post-init","    // run browser js-env code - post-init","    /* istanbul ignore next */","    case 'browser':","        local.testRunBrowser = function (event) {","            if (!event || (event &&","                    event.currentTarget &&","                    event.currentTarget.className &&","                    event.currentTarget.className.includes &&","                    event.currentTarget.className.includes('onreset'))) {","                // reset output","                Array.from(","                    document.querySelectorAll('body > .resettable')","                ).forEach(function (element) {","                    switch (element.tagName) {","                    case 'INPUT':","                    case 'TEXTAREA':","                        element.value = '';","                        break;","                    default:","                        element.textContent = '';","                    }","                });","            }","            switch (event && event.currentTarget && event.currentTarget.id) {","            case 'testRunButton1':","                // show tests","                if (document.querySelector('#testReportDiv1').style.display === 'none') {","                    document.querySelector('#testReportDiv1').style.display = 'block';","                    document.querySelector('#testRunButton1').textContent =","                        'hide internal test';","                    local.modeTest = true;","                    local.testRunDefault(local);","                // hide tests","                } else {","                    document.querySelector('#testReportDiv1').style.display = 'none';","                    document.querySelector('#testRunButton1').textContent = 'run internal test';","                }","                break;","            // custom-case","            default:","                break;","            }","            if (document.querySelector('#inputTextareaEval1') && (!event || (event &&","                    event.currentTarget &&","                    event.currentTarget.className &&","                    event.currentTarget.className.includes &&","                    event.currentTarget.className.includes('oneval')))) {","                // try to eval input-code","                try {","                    /*jslint evil: true*/","                    eval(document.querySelector('#inputTextareaEval1').value);","                } catch (errorCaught) {","                    console.error(errorCaught);","                }","            }","        };","        // log stderr and stdout to #outputTextareaStdout1","        ['error', 'log'].forEach(function (key) {","            console[key + '_original'] = console[key];","            console[key] = function () {","                var element;","                console[key + '_original'].apply(console, arguments);","                element = document.querySelector('#outputTextareaStdout1');","                if (!element) {","                    return;","                }","                // append text to #outputTextareaStdout1","                element.value += Array.from(arguments).map(function (arg) {","                    return typeof arg === 'string'","                        ? arg","                        : JSON.stringify(arg, null, 4);","                }).join(' ') + '\\n';","                // scroll textarea to bottom","                element.scrollTop = element.scrollHeight;","            };","        });","        // init event-handling","        ['change', 'click', 'keyup'].forEach(function (event) {","            Array.from(document.querySelectorAll('.on' + event)).forEach(function (element) {","                element.addEventListener(event, local.testRunBrowser);","            });","        });","        // run tests","        local.testRunBrowser();","        break;","","","","    // run node js-env code - post-init","    /* istanbul ignore next */","    case 'node':","        // export local","        module.exports = local;","        // require modules","        local.fs = require('fs');","        local.http = require('http');","        local.url = require('url');","        // init assets","        local.assetsDict = local.assetsDict || {};","        /* jslint-ignore-begin */","        local.assetsDict['/assets.index.template.html'] = '\\","<!doctype html>\\n\\","<html lang=\"en\">\\n\\","<head>\\n\\","<meta charset=\"UTF-8\">\\n\\","<meta name=\"viewport\" content=\"width=device-width, initial-scale=1\">\\n\\","<title>{{env.npm_package_name}} (v{{env.npm_package_version}})</title>\\n\\","<style>\\n\\","/*csslint\\n\\","    box-sizing: false,\\n\\","    universal-selector: false\\n\\","*/\\n\\","* {\\n\\","    box-sizing: border-box;\\n\\","}\\n\\","body {\\n\\","    background: #dde;\\n\\","    font-family: Arial, Helvetica, sans-serif;\\n\\","    margin: 2rem;\\n\\","}\\n\\","body > * {\\n\\","    margin-bottom: 1rem;\\n\\","}\\n\\",".utility2FooterDiv {\\n\\","    margin-top: 20px;\\n\\","    text-align: center;\\n\\","}\\n\\","</style>\\n\\","<style>\\n\\","/*csslint\\n\\","*/\\n\\","textarea {\\n\\","    font-family: monospace;\\n\\","    height: 10rem;\\n\\","    width: 100%;\\n\\","}\\n\\","textarea[readonly] {\\n\\","    background: #ddd;\\n\\","}\\n\\","</style>\\n\\","</head>\\n\\","<body>\\n\\","<!-- utility2-comment\\n\\","<div id=\"ajaxProgressDiv1\" style=\"background: #d00; height: 2px; left: 0; margin: 0; padding: 0; position: fixed; top: 0; transition: background 0.5s, width 1.5s; width: 25%;\"></div>\\n\\","utility2-comment -->\\n\\","<h1>\\n\\","<!-- utility2-comment\\n\\","    <a\\n\\","        {{#if env.npm_package_homepage}}\\n\\","        href=\"{{env.npm_package_homepage}}\"\\n\\","        {{/if env.npm_package_homepage}}\\n\\","        target=\"_blank\"\\n\\","    >\\n\\","utility2-comment -->\\n\\","        {{env.npm_package_name}} (v{{env.npm_package_version}})\\n\\","<!-- utility2-comment\\n\\","    </a>\\n\\","utility2-comment -->\\n\\","</h1>\\n\\","<h3>{{env.npm_package_description}}</h3>\\n\\","<!-- utility2-comment\\n\\","<h4><a download href=\"assets.app.js\">download standalone app</a></h4>\\n\\","<button class=\"onclick onreset\" id=\"testRunButton1\">run internal test</button><br>\\n\\","<div id=\"testReportDiv1\" style=\"display: none;\"></div>\\n\\","utility2-comment -->\\n\\","\\n\\","\\n\\","\\n\\","<label>stderr and stdout</label>\\n\\","<textarea class=\"resettable\" id=\"outputTextareaStdout1\" readonly></textarea>\\n\\","<!-- utility2-comment\\n\\","{{#if isRollup}}\\n\\","<script src=\"assets.app.js\"></script>\\n\\","{{#unless isRollup}}\\n\\","utility2-comment -->\\n\\","<script src=\"assets.utility2.rollup.js\"></script>\\n\\","<script src=\"jsonp.utility2._stateInit?callback=window.utility2._stateInit\"></script>\\n\\","<script src=\"assets.npmtest_baffle.rollup.js\"></script>\\n\\","<script src=\"assets.example.js\"></script>\\n\\","<script src=\"assets.test.js\"></script>\\n\\","<!-- utility2-comment\\n\\","{{/if isRollup}}\\n\\","utility2-comment -->\\n\\","<div class=\"utility2FooterDiv\">\\n\\","    [ this app was created with\\n\\","    <a href=\"https://github.com/kaizhu256/node-utility2\" target=\"_blank\">utility2</a>\\n\\","    ]\\n\\","</div>\\n\\","</body>\\n\\","</html>\\n\\","';","        /* jslint-ignore-end */","        if (local.templateRender) {","            local.assetsDict['/'] = local.templateRender(","                local.assetsDict['/assets.index.template.html'],","                {","                    env: local.objectSetDefault(local.env, {","                        npm_package_description: 'the greatest app in the world!',","                        npm_package_name: 'my-app',","                        npm_package_nameAlias: 'my_app',","                        npm_package_version: '0.0.1'","                    })","                }","            );","        } else {","            local.assetsDict['/'] = local.assetsDict['/assets.index.template.html']","                .replace((/\\{\\{env\\.(\\w+?)\\}\\}/g), function (match0, match1) {","                    // jslint-hack","                    String(match0);","                    switch (match1) {","                    case 'npm_package_description':","                        return 'the greatest app in the world!';","                    case 'npm_package_name':","                        return 'my-app';","                    case 'npm_package_nameAlias':","                        return 'my_app';","                    case 'npm_package_version':","                        return '0.0.1';","                    }","                });","        }","        // run the cli","        if (local.global.utility2_rollup || module !== require.main) {","            break;","        }","        local.assetsDict['/assets.example.js'] =","            local.assetsDict['/assets.example.js'] ||","            local.fs.readFileSync(__filename, 'utf8');","        // bug-workaround - long $npm_package_buildCustomOrg","        /* jslint-ignore-begin */","        local.assetsDict['/assets.npmtest_baffle.rollup.js'] =","            local.assetsDict['/assets.npmtest_baffle.rollup.js'] ||","            local.fs.readFileSync(","                local.npmtest_baffle.__dirname + '/lib.npmtest_baffle.js',","                'utf8'","            ).replace((/^#!/), '//');","        /* jslint-ignore-end */","        local.assetsDict['/favicon.ico'] = local.assetsDict['/favicon.ico'] || '';","        // if $npm_config_timeout_exit exists,","        // then exit this process after $npm_config_timeout_exit ms","        if (Number(process.env.npm_config_timeout_exit)) {","            setTimeout(process.exit, Number(process.env.npm_config_timeout_exit));","        }","        // start server","        if (local.global.utility2_serverHttp1) {","            break;","        }","        process.env.PORT = process.env.PORT || '8081';","        console.error('server starting on port ' + process.env.PORT);","        local.http.createServer(function (request, response) {","            request.urlParsed = local.url.parse(request.url);","            if (local.assetsDict[request.urlParsed.pathname] !== undefined) {","                response.end(local.assetsDict[request.urlParsed.pathname]);","                return;","            }","            response.statusCode = 404;","            response.end();","        }).listen(process.env.PORT);","        break;","    }","}());",""],"l":{"26":2,"28":2,"33":2,"35":2,"37":2,"38":2,"39":2,"44":1,"51":2,"55":2,"59":2,"61":2,"69":1,"70":2,"76":2,"79":2,"82":2,"83":2,"85":1,"89":2,"92":1,"93":1,"94":1,"96":1,"97":1,"100":1,"101":1,"103":1,"106":1,"108":2,"114":1,"116":1,"118":1,"123":1,"124":2,"125":2,"126":3,"127":3,"128":3,"129":3,"130":1,"133":3,"134":3,"139":3,"143":1,"144":3,"145":1,"149":1,"150":1,"158":1,"160":1,"161":1,"162":1,"164":1,"166":1,"258":1,"259":1,"271":1,"274":6,"275":6,"277":1,"279":2,"281":1,"283":2,"288":1,"289":1,"291":1,"296":1,"303":1,"306":1,"307":1,"310":1,"311":1,"313":1,"314":1,"315":1,"316":1,"317":1,"318":1,"319":1,"321":1,"322":1,"324":1}},"/home/travis/build/npmtest/node-npmtest-baffle/node_modules/baffle/dist/baffle.min.js":{"path":"/home/travis/build/npmtest/node-npmtest-baffle/node_modules/baffle/dist/baffle.min.js","s":{"1":1,"2":1,"3":1,"4":1,"5":5,"6":1,"7":4,"8":4,"9":1,"10":1,"11":1,"12":1,"13":1,"14":1,"15":1,"16":0,"17":0,"18":0,"19":1,"20":0,"21":1,"22":0,"23":1,"24":0,"25":0,"26":1,"27":0,"28":0,"29":0,"30":1,"31":0,"32":0,"33":1,"34":1,"35":1,"36":1,"37":0,"38":0,"39":1,"40":1,"41":1,"42":0,"43":1,"44":0,"45":0,"46":0,"47":0,"48":0,"49":0,"50":0,"51":0,"52":0,"53":0,"54":0,"55":0,"56":0,"57":0,"58":0,"59":0,"60":0,"61":0,"62":0,"63":0,"64":0,"65":0,"66":1,"67":0,"68":1,"69":0,"70":0,"71":0,"72":1,"73":1,"74":0,"75":1,"76":1,"77":0,"78":0,"79":1,"80":1,"81":1,"82":0,"83":1,"84":0,"85":0,"86":0,"87":0,"88":0,"89":0,"90":0,"91":0,"92":0,"93":0,"94":0,"95":1,"96":0,"97":0,"98":0,"99":1,"100":0,"101":1,"102":0},"b":{"1":[1,0],"2":[1,1],"3":[0,0],"4":[0,0],"5":[0,0],"6":[1,4],"7":[1,0],"8":[1,1],"9":[0,0],"10":[0,0],"11":[0,0],"12":[0,0],"13":[0,0],"14":[1,0],"15":[1,1],"16":[0,0],"17":[0,0],"18":[0,0],"19":[0,0],"20":[0,0],"21":[0,0],"22":[0,0],"23":[0,0],"24":[0,0],"25":[0,0],"26":[0,0],"27":[0,0,0],"28":[0,1],"29":[1,0],"30":[1,1],"31":[1,1],"32":[1,0],"33":[0,0],"34":[0,0],"35":[0,0],"36":[0,0],"37":[0,0],"38":[0,0],"39":[0,0],"40":[0,0],"41":[0,0],"42":[0,0]},"f":{"1":1,"2":1,"3":1,"4":5,"5":1,"6":1,"7":1,"8":0,"9":0,"10":0,"11":0,"12":0,"13":0,"14":0,"15":0,"16":0,"17":1,"18":1,"19":0,"20":1,"21":0,"22":0,"23":0,"24":0,"25":0,"26":0,"27":0,"28":0,"29":0,"30":0,"31":0,"32":0,"33":0,"34":0,"35":0,"36":0,"37":0,"38":0,"39":1,"40":0,"41":1,"42":0,"43":1,"44":0,"45":0,"46":0,"47":0,"48":0,"49":0,"50":0,"51":1,"52":0,"53":0,"54":0},"fnMap":{"1":{"name":"(anonymous_1)","line":6,"loc":{"start":{"line":6,"column":1},"end":{"line":6,"column":14}}},"2":{"name":"(anonymous_2)","line":6,"loc":{"start":{"line":6,"column":198},"end":{"line":6,"column":208}}},"3":{"name":"(anonymous_3)","line":6,"loc":{"start":{"line":6,"column":216},"end":{"line":6,"column":227}}},"4":{"name":"e","line":6,"loc":{"start":{"line":6,"column":228},"end":{"line":6,"column":241}}},"5":{"name":"(anonymous_5)","line":6,"loc":{"start":{"line":6,"column":415},"end":{"line":6,"column":430}}},"6":{"name":"r","line":6,"loc":{"start":{"line":6,"column":444},"end":{"line":6,"column":457}}},"7":{"name":"(anonymous_7)","line":6,"loc":{"start":{"line":6,"column":539},"end":{"line":6,"column":552}}},"8":{"name":"n","line":6,"loc":{"start":{"line":6,"column":566},"end":{"line":6,"column":581}}},"9":{"name":"r","line":6,"loc":{"start":{"line":6,"column":639},"end":{"line":6,"column":654}}},"10":{"name":"i","line":6,"loc":{"start":{"line":6,"column":690},"end":{"line":6,"column":703}}},"11":{"name":"o","line":6,"loc":{"start":{"line":6,"column":749},"end":{"line":6,"column":764}}},"12":{"name":"u","line":6,"loc":{"start":{"line":6,"column":806},"end":{"line":6,"column":819}}},"13":{"name":"(anonymous_13)","line":6,"loc":{"start":{"line":6,"column":833},"end":{"line":6,"column":846}}},"14":{"name":"(anonymous_14)","line":6,"loc":{"start":{"line":6,"column":869},"end":{"line":6,"column":880}}},"15":{"name":"s","line":6,"loc":{"start":{"line":6,"column":897},"end":{"line":6,"column":910}}},"16":{"name":"(anonymous_16)","line":6,"loc":{"start":{"line":6,"column":1011},"end":{"line":6,"column":1022}}},"17":{"name":"(anonymous_17)","line":6,"loc":{"start":{"line":6,"column":1213},"end":{"line":6,"column":1228}}},"18":{"name":"r","line":6,"loc":{"start":{"line":6,"column":1242},"end":{"line":6,"column":1255}}},"19":{"name":"i","line":6,"loc":{"start":{"line":6,"column":1295},"end":{"line":6,"column":1310}}},"20":{"name":"(anonymous_20)","line":6,"loc":{"start":{"line":6,"column":1585},"end":{"line":6,"column":1595}}},"21":{"name":"t","line":6,"loc":{"start":{"line":6,"column":1596},"end":{"line":6,"column":1611}}},"22":{"name":"(anonymous_22)","line":6,"loc":{"start":{"line":6,"column":1761},"end":{"line":6,"column":1771}}},"23":{"name":"(anonymous_23)","line":6,"loc":{"start":{"line":6,"column":1814},"end":{"line":6,"column":1825}}},"24":{"name":"(anonymous_24)","line":6,"loc":{"start":{"line":6,"column":1923},"end":{"line":6,"column":1933}}},"25":{"name":"(anonymous_25)","line":6,"loc":{"start":{"line":6,"column":2006},"end":{"line":6,"column":2017}}},"26":{"name":"(anonymous_26)","line":6,"loc":{"start":{"line":6,"column":2062},"end":{"line":6,"column":2072}}},"27":{"name":"(anonymous_27)","line":6,"loc":{"start":{"line":6,"column":2149},"end":{"line":6,"column":2159}}},"28":{"name":"(anonymous_28)","line":6,"loc":{"start":{"line":6,"column":2234},"end":{"line":6,"column":2245}}},"29":{"name":"(anonymous_29)","line":6,"loc":{"start":{"line":6,"column":2331},"end":{"line":6,"column":2342}}},"30":{"name":"(anonymous_30)","line":6,"loc":{"start":{"line":6,"column":2385},"end":{"line":6,"column":2396}}},"31":{"name":"(anonymous_31)","line":6,"loc":{"start":{"line":6,"column":2464},"end":{"line":6,"column":2474}}},"32":{"name":"(anonymous_32)","line":6,"loc":{"start":{"line":6,"column":2634},"end":{"line":6,"column":2644}}},"33":{"name":"(anonymous_33)","line":6,"loc":{"start":{"line":6,"column":2707},"end":{"line":6,"column":2717}}},"34":{"name":"(anonymous_34)","line":6,"loc":{"start":{"line":6,"column":2742},"end":{"line":6,"column":2753}}},"35":{"name":"(anonymous_35)","line":6,"loc":{"start":{"line":6,"column":2776},"end":{"line":6,"column":2787}}},"36":{"name":"(anonymous_36)","line":6,"loc":{"start":{"line":6,"column":2814},"end":{"line":6,"column":2825}}},"37":{"name":"(anonymous_37)","line":6,"loc":{"start":{"line":6,"column":2961},"end":{"line":6,"column":2972}}},"38":{"name":"(anonymous_38)","line":6,"loc":{"start":{"line":6,"column":3058},"end":{"line":6,"column":3071}}},"39":{"name":"(anonymous_39)","line":6,"loc":{"start":{"line":6,"column":3092},"end":{"line":6,"column":3107}}},"40":{"name":"r","line":6,"loc":{"start":{"line":6,"column":3121},"end":{"line":6,"column":3136}}},"41":{"name":"i","line":6,"loc":{"start":{"line":6,"column":3284},"end":{"line":6,"column":3299}}},"42":{"name":"o","line":6,"loc":{"start":{"line":6,"column":3599},"end":{"line":6,"column":3614}}},"43":{"name":"(anonymous_43)","line":6,"loc":{"start":{"line":6,"column":3755},"end":{"line":6,"column":3765}}},"44":{"name":"t","line":6,"loc":{"start":{"line":6,"column":3766},"end":{"line":6,"column":3779}}},"45":{"name":"(anonymous_45)","line":6,"loc":{"start":{"line":6,"column":3839},"end":{"line":6,"column":3849}}},"46":{"name":"(anonymous_46)","line":6,"loc":{"start":{"line":6,"column":3894},"end":{"line":6,"column":3904}}},"47":{"name":"(anonymous_47)","line":6,"loc":{"start":{"line":6,"column":3941},"end":{"line":6,"column":3951}}},"48":{"name":"(anonymous_48)","line":6,"loc":{"start":{"line":6,"column":4128},"end":{"line":6,"column":4141}}},"49":{"name":"(anonymous_49)","line":6,"loc":{"start":{"line":6,"column":4229},"end":{"line":6,"column":4239}}},"50":{"name":"(anonymous_50)","line":6,"loc":{"start":{"line":6,"column":4417},"end":{"line":6,"column":4427}}},"51":{"name":"(anonymous_51)","line":6,"loc":{"start":{"line":6,"column":4546},"end":{"line":6,"column":4557}}},"52":{"name":"e","line":6,"loc":{"start":{"line":6,"column":4558},"end":{"line":6,"column":4571}}},"53":{"name":"(anonymous_53)","line":6,"loc":{"start":{"line":6,"column":4676},"end":{"line":6,"column":4689}}},"54":{"name":"(anonymous_54)","line":6,"loc":{"start":{"line":6,"column":4764},"end":{"line":6,"column":4775}}}},"statementMap":{"1":{"start":{"line":6,"column":0},"end":{"line":6,"column":4798}},"2":{"start":{"line":6,"column":15},"end":{"line":6,"column":191}},"3":{"start":{"line":6,"column":209},"end":{"line":6,"column":4795}},"4":{"start":{"line":6,"column":228},"end":{"line":6,"column":373}},"5":{"start":{"line":6,"column":242},"end":{"line":6,"column":270}},"6":{"start":{"line":6,"column":250},"end":{"line":6,"column":270}},"7":{"start":{"line":6,"column":270},"end":{"line":6,"column":309}},"8":{"start":{"line":6,"column":309},"end":{"line":6,"column":372}},"9":{"start":{"line":6,"column":373},"end":{"line":6,"column":382}},"10":{"start":{"line":6,"column":382},"end":{"line":6,"column":412}},"11":{"start":{"line":6,"column":444},"end":{"line":6,"column":497}},"12":{"start":{"line":6,"column":458},"end":{"line":6,"column":496}},"13":{"start":{"line":6,"column":497},"end":{"line":6,"column":515}},"14":{"start":{"line":6,"column":515},"end":{"line":6,"column":537}},"15":{"start":{"line":6,"column":566},"end":{"line":6,"column":639}},"16":{"start":{"line":6,"column":582},"end":{"line":6,"column":630}},"17":{"start":{"line":6,"column":597},"end":{"line":6,"column":630}},"18":{"start":{"line":6,"column":630},"end":{"line":6,"column":638}},"19":{"start":{"line":6,"column":639},"end":{"line":6,"column":690}},"20":{"start":{"line":6,"column":655},"end":{"line":6,"column":689}},"21":{"start":{"line":6,"column":690},"end":{"line":6,"column":749}},"22":{"start":{"line":6,"column":704},"end":{"line":6,"column":748}},"23":{"start":{"line":6,"column":749},"end":{"line":6,"column":806}},"24":{"start":{"line":6,"column":765},"end":{"line":6,"column":805}},"25":{"start":{"line":6,"column":796},"end":{"line":6,"column":805}},"26":{"start":{"line":6,"column":806},"end":{"line":6,"column":897}},"27":{"start":{"line":6,"column":820},"end":{"line":6,"column":896}},"28":{"start":{"line":6,"column":847},"end":{"line":6,"column":859}},"29":{"start":{"line":6,"column":881},"end":{"line":6,"column":894}},"30":{"start":{"line":6,"column":897},"end":{"line":6,"column":1081}},"31":{"start":{"line":6,"column":911},"end":{"line":6,"column":1080}},"32":{"start":{"line":6,"column":1023},"end":{"line":6,"column":1044}},"33":{"start":{"line":6,"column":1081},"end":{"line":6,"column":1211}},"34":{"start":{"line":6,"column":1242},"end":{"line":6,"column":1295}},"35":{"start":{"line":6,"column":1256},"end":{"line":6,"column":1294}},"36":{"start":{"line":6,"column":1295},"end":{"line":6,"column":1389}},"37":{"start":{"line":6,"column":1311},"end":{"line":6,"column":1388}},"38":{"start":{"line":6,"column":1332},"end":{"line":6,"column":1388}},"39":{"start":{"line":6,"column":1389},"end":{"line":6,"column":1438}},"40":{"start":{"line":6,"column":1438},"end":{"line":6,"column":3045}},"41":{"start":{"line":6,"column":1596},"end":{"line":6,"column":1737}},"42":{"start":{"line":6,"column":1612},"end":{"line":6,"column":1736}},"43":{"start":{"line":6,"column":1737},"end":{"line":6,"column":3041}},"44":{"start":{"line":6,"column":1772},"end":{"line":6,"column":1783}},"45":{"start":{"line":6,"column":1783},"end":{"line":6,"column":1903}},"46":{"start":{"line":6,"column":1826},"end":{"line":6,"column":1880}},"47":{"start":{"line":6,"column":1934},"end":{"line":6,"column":1945}},"48":{"start":{"line":6,"column":1945},"end":{"line":6,"column":2130}},"49":{"start":{"line":6,"column":2018},"end":{"line":6,"column":2033}},"50":{"start":{"line":6,"column":2073},"end":{"line":6,"column":2088}},"51":{"start":{"line":6,"column":2160},"end":{"line":6,"column":2216}},"52":{"start":{"line":6,"column":2246},"end":{"line":6,"column":2312}},"53":{"start":{"line":6,"column":2343},"end":{"line":6,"column":2354}},"54":{"start":{"line":6,"column":2354},"end":{"line":6,"column":2443}},"55":{"start":{"line":6,"column":2397},"end":{"line":6,"column":2436}},"56":{"start":{"line":6,"column":2475},"end":{"line":6,"column":3011}},"57":{"start":{"line":6,"column":2645},"end":{"line":6,"column":3009}},"58":{"start":{"line":6,"column":2718},"end":{"line":6,"column":2801}},"59":{"start":{"line":6,"column":2754},"end":{"line":6,"column":2798}},"60":{"start":{"line":6,"column":2788},"end":{"line":6,"column":2796}},"61":{"start":{"line":6,"column":2801},"end":{"line":6,"column":2991}},"62":{"start":{"line":6,"column":2826},"end":{"line":6,"column":2860}},"63":{"start":{"line":6,"column":2860},"end":{"line":6,"column":2916}},"64":{"start":{"line":6,"column":2973},"end":{"line":6,"column":2988}},"65":{"start":{"line":6,"column":3011},"end":{"line":6,"column":3038}},"66":{"start":{"line":6,"column":3045},"end":{"line":6,"column":3090}},"67":{"start":{"line":6,"column":3072},"end":{"line":6,"column":3089}},"68":{"start":{"line":6,"column":3121},"end":{"line":6,"column":3284}},"69":{"start":{"line":6,"column":3137},"end":{"line":6,"column":3229}},"70":{"start":{"line":6,"column":3143},"end":{"line":6,"column":3229}},"71":{"start":{"line":6,"column":3229},"end":{"line":6,"column":3283}},"72":{"start":{"line":6,"column":3284},"end":{"line":6,"column":3599}},"73":{"start":{"line":6,"column":3300},"end":{"line":6,"column":3423}},"74":{"start":{"line":6,"column":3334},"end":{"line":6,"column":3423}},"75":{"start":{"line":6,"column":3423},"end":{"line":6,"column":3598}},"76":{"start":{"line":6,"column":3599},"end":{"line":6,"column":3693}},"77":{"start":{"line":6,"column":3615},"end":{"line":6,"column":3692}},"78":{"start":{"line":6,"column":3636},"end":{"line":6,"column":3692}},"79":{"start":{"line":6,"column":3693},"end":{"line":6,"column":3742}},"80":{"start":{"line":6,"column":3742},"end":{"line":6,"column":4751}},"81":{"start":{"line":6,"column":3766},"end":{"line":6,"column":3815}},"82":{"start":{"line":6,"column":3780},"end":{"line":6,"column":3814}},"83":{"start":{"line":6,"column":3815},"end":{"line":6,"column":4540}},"84":{"start":{"line":6,"column":3850},"end":{"line":6,"column":3920}},"85":{"start":{"line":6,"column":3905},"end":{"line":6,"column":3913}},"86":{"start":{"line":6,"column":3952},"end":{"line":6,"column":4085}},"87":{"start":{"line":6,"column":4085},"end":{"line":6,"column":4209}},"88":{"start":{"line":6,"column":4142},"end":{"line":6,"column":4196}},"89":{"start":{"line":6,"column":4240},"end":{"line":6,"column":4387}},"90":{"start":{"line":6,"column":4314},"end":{"line":6,"column":4356}},"91":{"start":{"line":6,"column":4356},"end":{"line":6,"column":4386}},"92":{"start":{"line":6,"column":4387},"end":{"line":6,"column":4398}},"93":{"start":{"line":6,"column":4428},"end":{"line":6,"column":4501}},"94":{"start":{"line":6,"column":4501},"end":{"line":6,"column":4537}},"95":{"start":{"line":6,"column":4558},"end":{"line":6,"column":4644}},"96":{"start":{"line":6,"column":4572},"end":{"line":6,"column":4582}},"97":{"start":{"line":6,"column":4582},"end":{"line":6,"column":4623}},"98":{"start":{"line":6,"column":4623},"end":{"line":6,"column":4643}},"99":{"start":{"line":6,"column":4644},"end":{"line":6,"column":4746}},"100":{"start":{"line":6,"column":4690},"end":{"line":6,"column":4743}},"101":{"start":{"line":6,"column":4751},"end":{"line":6,"column":4792}},"102":{"start":{"line":6,"column":4776},"end":{"line":6,"column":4791}}},"branchMap":{"1":{"line":6,"type":"cond-expr","locations":[{"start":{"line":6,"column":65},"end":{"line":6,"column":83}},{"start":{"line":6,"column":84},"end":{"line":6,"column":191}}]},"2":{"line":6,"type":"binary-expr","locations":[{"start":{"line":6,"column":15},"end":{"line":6,"column":39}},{"start":{"line":6,"column":41},"end":{"line":6,"column":64}}]},"3":{"line":6,"type":"cond-expr","locations":[{"start":{"line":6,"column":122},"end":{"line":6,"column":134}},{"start":{"line":6,"column":135},"end":{"line":6,"column":191}}]},"4":{"line":6,"type":"binary-expr","locations":[{"start":{"line":6,"column":84},"end":{"line":6,"column":109}},{"start":{"line":6,"column":111},"end":{"line":6,"column":121}}]},"5":{"line":6,"type":"cond-expr","locations":[{"start":{"line":6,"column":160},"end":{"line":6,"column":178}},{"start":{"line":6,"column":179},"end":{"line":6,"column":191}}]},"6":{"line":6,"type":"if","locations":[{"start":{"line":6,"column":242},"end":{"line":6,"column":242}},{"start":{"line":6,"column":242},"end":{"line":6,"column":242}}]},"7":{"line":6,"type":"cond-expr","locations":[{"start":{"line":6,"column":481},"end":{"line":6,"column":482}},{"start":{"line":6,"column":483},"end":{"line":6,"column":496}}]},"8":{"line":6,"type":"binary-expr","locations":[{"start":{"line":6,"column":465},"end":{"line":6,"column":466}},{"start":{"line":6,"column":468},"end":{"line":6,"column":480}}]},"9":{"line":6,"type":"binary-expr","locations":[{"start":{"line":6,"column":597},"end":{"line":6,"column":616}},{"start":{"line":6,"column":619},"end":{"line":6,"column":628}}]},"10":{"line":6,"type":"binary-expr","locations":[{"start":{"line":6,"column":853},"end":{"line":6,"column":856}},{"start":{"line":6,"column":858},"end":{"line":6,"column":859}}]},"11":{"line":6,"type":"cond-expr","locations":[{"start":{"line":6,"column":936},"end":{"line":6,"column":979}},{"start":{"line":6,"column":980},"end":{"line":6,"column":1080}}]},"12":{"line":6,"type":"cond-expr","locations":[{"start":{"line":6,"column":1047},"end":{"line":6,"column":1063}},{"start":{"line":6,"column":1064},"end":{"line":6,"column":1080}}]},"13":{"line":6,"type":"cond-expr","locations":[{"start":{"line":6,"column":1075},"end":{"line":6,"column":1078}},{"start":{"line":6,"column":1079},"end":{"line":6,"column":1080}}]},"14":{"line":6,"type":"cond-expr","locations":[{"start":{"line":6,"column":1279},"end":{"line":6,"column":1280}},{"start":{"line":6,"column":1281},"end":{"line":6,"column":1294}}]},"15":{"line":6,"type":"binary-expr","locations":[{"start":{"line":6,"column":1263},"end":{"line":6,"column":1264}},{"start":{"line":6,"column":1266},"end":{"line":6,"column":1278}}]},"16":{"line":6,"type":"if","locations":[{"start":{"line":6,"column":1311},"end":{"line":6,"column":1311}},{"start":{"line":6,"column":1311},"end":{"line":6,"column":1311}}]},"17":{"line":6,"type":"binary-expr","locations":[{"start":{"line":6,"column":2281},"end":{"line":6,"column":2293}},{"start":{"line":6,"column":2295},"end":{"line":6,"column":2307}}]},"18":{"line":6,"type":"binary-expr","locations":[{"start":{"line":6,"column":2416},"end":{"line":6,"column":2425}},{"start":{"line":6,"column":2427},"end":{"line":6,"column":2436}}]},"19":{"line":6,"type":"cond-expr","locations":[{"start":{"line":6,"column":2531},"end":{"line":6,"column":2532}},{"start":{"line":6,"column":2533},"end":{"line":6,"column":2545}}]},"20":{"line":6,"type":"binary-expr","locations":[{"start":{"line":6,"column":2488},"end":{"line":6,"column":2507}},{"start":{"line":6,"column":2509},"end":{"line":6,"column":2530}}]},"21":{"line":6,"type":"cond-expr","locations":[{"start":{"line":6,"column":2591},"end":{"line":6,"column":2592}},{"start":{"line":6,"column":2593},"end":{"line":6,"column":2605}}]},"22":{"line":6,"type":"binary-expr","locations":[{"start":{"line":6,"column":2548},"end":{"line":6,"column":2567}},{"start":{"line":6,"column":2569},"end":{"line":6,"column":2590}}]},"23":{"line":6,"type":"binary-expr","locations":[{"start":{"line":6,"column":2608},"end":{"line":6,"column":2628}},{"start":{"line":6,"column":2630},"end":{"line":6,"column":2631}}]},"24":{"line":6,"type":"binary-expr","locations":[{"start":{"line":6,"column":2919},"end":{"line":6,"column":2927}},{"start":{"line":6,"column":2930},"end":{"line":6,"column":2990}}]},"25":{"line":6,"type":"if","locations":[{"start":{"line":6,"column":3137},"end":{"line":6,"column":3137}},{"start":{"line":6,"column":3137},"end":{"line":6,"column":3137}}]},"26":{"line":6,"type":"cond-expr","locations":[{"start":{"line":6,"column":3280},"end":{"line":6,"column":3281}},{"start":{"line":6,"column":3282},"end":{"line":6,"column":3283}}]},"27":{"line":6,"type":"binary-expr","locations":[{"start":{"line":6,"column":3235},"end":{"line":6,"column":3237}},{"start":{"line":6,"column":3239},"end":{"line":6,"column":3257}},{"start":{"line":6,"column":3259},"end":{"line":6,"column":3279}}]},"28":{"line":6,"type":"if","locations":[{"start":{"line":6,"column":3300},"end":{"line":6,"column":3300}},{"start":{"line":6,"column":3300},"end":{"line":6,"column":3300}}]},"29":{"line":6,"type":"binary-expr","locations":[{"start":{"line":6,"column":3303},"end":{"line":6,"column":3323}},{"start":{"line":6,"column":3325},"end":{"line":6,"column":3333}}]},"30":{"line":6,"type":"binary-expr","locations":[{"start":{"line":6,"column":3449},"end":{"line":6,"column":3450}},{"start":{"line":6,"column":3452},"end":{"line":6,"column":3463}}]},"31":{"line":6,"type":"binary-expr","locations":[{"start":{"line":6,"column":3531},"end":{"line":6,"column":3532}},{"start":{"line":6,"column":3535},"end":{"line":6,"column":3597}}]},"32":{"line":6,"type":"cond-expr","locations":[{"start":{"line":6,"column":3557},"end":{"line":6,"column":3583}},{"start":{"line":6,"column":3584},"end":{"line":6,"column":3597}}]},"33":{"line":6,"type":"if","locations":[{"start":{"line":6,"column":3615},"end":{"line":6,"column":3615}},{"start":{"line":6,"column":3615},"end":{"line":6,"column":3615}}]},"34":{"line":6,"type":"cond-expr","locations":[{"start":{"line":6,"column":4008},"end":{"line":6,"column":4010}},{"start":{"line":6,"column":4011},"end":{"line":6,"column":4023}}]},"35":{"line":6,"type":"binary-expr","locations":[{"start":{"line":6,"column":3965},"end":{"line":6,"column":3984}},{"start":{"line":6,"column":3986},"end":{"line":6,"column":4007}}]},"36":{"line":6,"type":"cond-expr","locations":[{"start":{"line":6,"column":4069},"end":{"line":6,"column":4071}},{"start":{"line":6,"column":4072},"end":{"line":6,"column":4084}}]},"37":{"line":6,"type":"binary-expr","locations":[{"start":{"line":6,"column":4026},"end":{"line":6,"column":4045}},{"start":{"line":6,"column":4047},"end":{"line":6,"column":4068}}]},"38":{"line":6,"type":"cond-expr","locations":[{"start":{"line":6,"column":4101},"end":{"line":6,"column":4198}},{"start":{"line":6,"column":4199},"end":{"line":6,"column":4209}}]},"39":{"line":6,"type":"cond-expr","locations":[{"start":{"line":6,"column":4165},"end":{"line":6,"column":4166}},{"start":{"line":6,"column":4167},"end":{"line":6,"column":4196}}]},"40":{"line":6,"type":"cond-expr","locations":[{"start":{"line":6,"column":4179},"end":{"line":6,"column":4194}},{"start":{"line":6,"column":4195},"end":{"line":6,"column":4196}}]},"41":{"line":6,"type":"cond-expr","locations":[{"start":{"line":6,"column":4477},"end":{"line":6,"column":4487}},{"start":{"line":6,"column":4488},"end":{"line":6,"column":4500}}]},"42":{"line":6,"type":"binary-expr","locations":[{"start":{"line":6,"column":4434},"end":{"line":6,"column":4453}},{"start":{"line":6,"column":4455},"end":{"line":6,"column":4476}}]}},"code":["/*!"," * baffle 0.3.6 - A tiny javascript library for obfuscating and revealing text in DOM elements."," * Copyright (c) 2016 Cam Wiegert <cam@camwiegert.com> - https://camwiegert.github.io/baffle"," * License: MIT"," */","!function(t,e){\"object\"==typeof exports&&\"object\"==typeof module?module.exports=e():\"function\"==typeof define&&define.amd?define([],e):\"object\"==typeof exports?exports.baffle=e():t.baffle=e()}(this,function(){return function(t){function e(r){if(n[r])return n[r].exports;var i=n[r]={exports:{},id:r,loaded:!1};return t[r].call(i.exports,i,i.exports,e),i.loaded=!0,i.exports}var n={};return e.m=t,e.c=n,e.p=\"\",e(0)}([function(t,e,n){\"use strict\";function r(t){return t&&t.__esModule?t:{\"default\":t}}var i=n(2),o=r(i);t.exports=o[\"default\"]},function(t,e){\"use strict\";function n(t,e){for(var n in e)e.hasOwnProperty(n)&&(t[n]=e[n]);return t}function r(t,e){return t.split(\"\").map(e).join(\"\")}function i(t){return t[Math.floor(Math.random()*t.length)]}function o(t,e){for(var n=0,r=t.length;n<r;n++)e(t[n],n)}function u(t){return t.map(function(t,e){return!!t&&e}).filter(function(t){return t!==!1})}function s(t){return\"string\"==typeof t?[].slice.call(document.querySelectorAll(t)):[NodeList,HTMLCollection].some(function(e){return t instanceof e})?[].slice.call(t):t.nodeType?[t]:t}Object.defineProperty(e,\"__esModule\",{value:!0}),e.extend=n,e.mapString=r,e.sample=i,e.each=o,e.getTruthyIndices=u,e.getElements=s},function(t,e,n){\"use strict\";function r(t){return t&&t.__esModule?t:{\"default\":t}}function i(t,e){if(!(t instanceof e))throw new TypeError(\"Cannot call a class as a function\")}Object.defineProperty(e,\"__esModule\",{value:!0});var o=n(1),u=n(3),s=r(u),c={characters:\"AaBbCcDdEeFfGgHhIiJjKkLlMmNnOoPpQqRrSsTtUuVvWwXxYyZz~!@#$%^&*()-+=[]{}|;:,./<>?\",exclude:[\" \"],speed:50},a=function(){function t(e,n){i(this,t),this.options=(0,o.extend)(Object.create(c),n),this.elements=(0,o.getElements)(e).map(s[\"default\"]),this.running=!1}return t.prototype.once=function(){var t=this;return(0,o.each)(this.elements,function(e){return e.write(t.options.characters,t.options.exclude)}),this.running=!0,this},t.prototype.start=function(){var t=this;return clearInterval(this.interval),(0,o.each)(this.elements,function(t){return t.init()}),this.interval=setInterval(function(){return t.once()},this.options.speed),this.running=!0,this},t.prototype.stop=function(){return clearInterval(this.interval),this.running=!1,this},t.prototype.set=function(t){return(0,o.extend)(this.options,t),this.running&&this.start(),this},t.prototype.text=function(t){var e=this;return(0,o.each)(this.elements,function(n){n.text(t(n.value)),e.running||n.write()}),this},t.prototype.reveal=function(){var t=this,e=arguments.length<=0||void 0===arguments[0]?0:arguments[0],n=arguments.length<=1||void 0===arguments[1]?0:arguments[1],r=e/this.options.speed||1,i=function(){clearInterval(t.interval),t.running=!0,t.interval=setInterval(function(){var e=t.elements.filter(function(t){return!t.bitmap.every(function(t){return!t})});(0,o.each)(e,function(e){var n=Math.ceil(e.value.length/r);e.decay(n).write(t.options.characters,t.options.exclude)}),e.length||(t.stop(),(0,o.each)(t.elements,function(t){return t.init()}))},t.options.speed)};return setTimeout(i,n),this},t}();e[\"default\"]=function(t,e){return new a(t,e)}},function(t,e,n){\"use strict\";function r(t,e){if(!t)throw new ReferenceError(\"this hasn't been initialised - super() hasn't been called\");return!e||\"object\"!=typeof e&&\"function\"!=typeof e?t:e}function i(t,e){if(\"function\"!=typeof e&&null!==e)throw new TypeError(\"Super expression must either be null or a function, not \"+typeof e);t.prototype=Object.create(e&&e.prototype,{constructor:{value:t,enumerable:!1,writable:!0,configurable:!0}}),e&&(Object.setPrototypeOf?Object.setPrototypeOf(t,e):t.__proto__=e)}function o(t,e){if(!(t instanceof e))throw new TypeError(\"Cannot call a class as a function\")}Object.defineProperty(e,\"__esModule\",{value:!0});var u=n(1),s=function(){function t(e){o(this,t),this.value=e,this.init()}return t.prototype.init=function(){return this.bitmap=this.value.split(\"\").map(function(){return 1}),this},t.prototype.render=function(){var t=this,e=arguments.length<=0||void 0===arguments[0]?[]:arguments[0],n=arguments.length<=1||void 0===arguments[1]?[]:arguments[1];return e.length?(0,u.mapString)(this.value,function(r,i){return n.indexOf(r)>-1?r:t.bitmap[i]?(0,u.sample)(e):r}):this.value},t.prototype.decay=function(){for(var t=arguments.length<=0||void 0===arguments[0]?1:arguments[0];t--;){var e=(0,u.getTruthyIndices)(this.bitmap);this.bitmap[(0,u.sample)(e)]=0}return this},t.prototype.text=function(){var t=arguments.length<=0||void 0===arguments[0]?this.value:arguments[0];return this.value=t,this.init(),this},t}(),c=function(t){function e(n){o(this,e);var i=r(this,t.call(this,n.textContent));return i.element=n,i}return i(e,t),e.prototype.write=function(t,e){return this.element.textContent=this.render(t,e),this},e}(s);e[\"default\"]=function(t){return new c(t)}}])});"],"l":{"6":5}},"/home/travis/build/npmtest/node-npmtest-baffle/node_modules/baffle/webpack.config.js":{"path":"/home/travis/build/npmtest/node-npmtest-baffle/node_modules/baffle/webpack.config.js","s":{"1":2,"2":0,"3":0},"b":{},"f":{},"fnMap":{},"statementMap":{"1":{"start":{"line":1,"column":0},"end":{"line":2,"column":37}},"2":{"start":{"line":4,"column":0},"end":{"line":4,"column":191}},"3":{"start":{"line":6,"column":0},"end":{"line":25,"column":2}}},"branchMap":{},"code":["const webpack = require('webpack'),","      package = require('./package');","","const banner = `${package.name} ${package.version} - ${package.description}\\nCopyright (c) ${ new Date().getFullYear() } ${package.author} - ${package.homepage}\\nLicense: ${package.license}`;","","module.exports = {","    context: __dirname + '/src',","    entry: './index.js',","    output: {","        path: __dirname + '/dist',","        filename: `${package.name}.min.js`,","        'library': `${package.name}`,","        'libraryTarget': 'umd'","    },","    module: {","        loaders: [{","            test: /\\.js$/,","            exclude: /node_modules/,","            loader: 'babel-loader'","        }]","    },","    plugins: [","        new webpack.BannerPlugin(banner)","    ]","};",""],"l":{"1":2,"4":0,"6":0}}}